<?xml version="1.0" encoding="UTF-8"?>
<!-- Generated by org.testng.reporters.JUnitReportReporter -->
<testsuite hostname="LAPTOP-JC2DPRUQ" failures="0" tests="1" name="com.ass.three.TestngThree" time="20.577" errors="0" timestamp="2023-03-15T01:08:36 IST" skipped="0">
  <testcase classname="com.ass.three.TestngThree" name="testLinkCountAndUrls" time="20.577"/>
  <system-out/>
</testsuite> <!-- com.ass.three.TestngThree -->
